NODE
id: n1
type: thesis
label: Death penalty should be used for all crimes
detail: The death penalty is the appropriate punishment for every type of crime.
strength: weak
counterarguments:
- Punishment should be proportional to the crime committed.
- The risk of executing an innocent person is unacceptable.
- A universal death penalty is a cruel and unusual punishment.
further_supports:
- A universal death penalty provides maximum deterrence.
strength_reasoning: This is an extreme ethical position that violates the legal and moral principle of proportionality in punishment.
---
NODE
id: n2
type: subclaim
label: People who do bad things will reoffend
detail: People who commit a crime once will inevitably commit crimes again in the future.
strength: false
counterarguments:
- Recidivism rates are not 100% and vary widely by crime and individual.
- Rehabilitation programs can successfully reduce reoffending.
- Many first-time offenders never commit another crime.
further_supports:
strength_reasoning: This is a factually incorrect overgeneralization; recidivism is a complex issue, not an absolute certainty for every individual.
---
NODE
id: n3
type: subclaim
label: Opponents' arguments should be dismissed as biased
detail: The counterpoints of those who disagree with the universal death penalty should not be respected because the dissenters are likely criminals themselves.
strength: fallacious
counterarguments:
- Arguments should be judged on their own merits, not the speaker's character.
- Opponents include ethicists, lawyers, and human rights advocates.
- Accusing all opponents of being criminals is an unsubstantiated generalization.
further_supports:
strength_reasoning: This is a classic ad hominem fallacy, attacking the character of opponents rather than the logic of their arguments.
---
EDGE
id: e1
source: n2
target: n1
relation: supports
---
EDGE
id: e2
source: n3
target: n1
relation: supports
---